Start time: 18:02:48 on May 21,2024
qverilog AHBlocRAM.v 
-- Compiling module HBBlockRam
** Error: (qverilog-13069) AHBlocRAM.v(11): near "input": syntax error, unexpected input, expecting ')'.
** Error: (qverilog-13067) AHBlocRAM.v(42:35): Syntax error, unexpected non-printable character with the hex value '0xe2'.
** Error: (qverilog-13067) AHBlocRAM.v(42:36): Syntax error, unexpected non-printable character with the hex value '0x80'.
** Error: (qverilog-13067) AHBlocRAM.v(42:37): Syntax error, unexpected non-printable character with the hex value '0x99'.
** Error: (qverilog-13067) AHBlocRAM.v(42:60): Syntax error, unexpected non-printable character with the hex value '0xe2'.
** Error: (qverilog-13067) AHBlocRAM.v(42:61): Syntax error, unexpected non-printable character with the hex value '0x80'.
** Error: (qverilog-13067) AHBlocRAM.v(42:62): Syntax error, unexpected non-printable character with the hex value '0x99'.
** Error: (qverilog-13067) AHBlocRAM.v(43:14): Syntax error, unexpected non-printable character with the hex value '0xe2'.
** Error: (qverilog-13067) AHBlocRAM.v(43:15): Syntax error, unexpected non-printable character with the hex value '0x80'.
** Error: (qverilog-13067) AHBlocRAM.v(43:16): Syntax error, unexpected non-printable character with the hex value '0x99'.
** Error: (qverilog-13067) AHBlocRAM.v(43:38): Syntax error, unexpected non-printable character with the hex value '0xe2'.
** Error: (qverilog-13067) AHBlocRAM.v(43:39): Syntax error, unexpected non-printable character with the hex value '0x80'.
** Error: (qverilog-13067) AHBlocRAM.v(43:40): Syntax error, unexpected non-printable character with the hex value '0x99'.
** Error: (qverilog-13067) AHBlocRAM.v(44:16): Syntax error, unexpected non-printable character with the hex value '0xe2'.
** Error: (qverilog-13067) AHBlocRAM.v(44:17): Syntax error, unexpected non-printable character with the hex value '0x80'.
** Error: (qverilog-13067) AHBlocRAM.v(44:18): Syntax error, unexpected non-printable character with the hex value '0x99'.
** Error: (qverilog-13067) AHBlocRAM.v(44:46): Syntax error, unexpected non-printable character with the hex value '0xe2'.
** Error: (qverilog-13067) AHBlocRAM.v(44:47): Syntax error, unexpected non-printable character with the hex value '0x80'.
** Error: (qverilog-13067) AHBlocRAM.v(44:48): Syntax error, unexpected non-printable character with the hex value '0x99'.
** Error: (qverilog-13067) AHBlocRAM.v(45:35): Syntax error, unexpected non-printable character with the hex value '0xe2'.
** Error: (qverilog-13067) AHBlocRAM.v(45:36): Syntax error, unexpected non-printable character with the hex value '0x80'.
** Error: (qverilog-13067) AHBlocRAM.v(45:37): Syntax error, unexpected non-printable character with the hex value '0x99'.
** Error: (qverilog-13067) AHBlocRAM.v(45:60): Syntax error, unexpected non-printable character with the hex value '0xe2'.
** Error: (qverilog-13067) AHBlocRAM.v(45:61): Syntax error, unexpected non-printable character with the hex value '0x80'.
** Error: (qverilog-13067) AHBlocRAM.v(45:62): Syntax error, unexpected non-printable character with the hex value '0x99'.
** Error: (qverilog-13067) AHBlocRAM.v(46:14): Syntax error, unexpected non-printable character with the hex value '0xe2'.
** Error: (qverilog-13067) AHBlocRAM.v(46:15): Syntax error, unexpected non-printable character with the hex value '0x80'.
** Error: (qverilog-13067) AHBlocRAM.v(46:16): Syntax error, unexpected non-printable character with the hex value '0x99'.
** Error: (qverilog-13067) AHBlocRAM.v(46:38): Syntax error, unexpected non-printable character with the hex value '0xe2'.
** Error: (qverilog-13067) AHBlocRAM.v(46:39): Syntax error, unexpected non-printable character with the hex value '0x80'.
** Error: (qverilog-13067) AHBlocRAM.v(46:40): Syntax error, unexpected non-printable character with the hex value '0x99'.
** Error: (qverilog-13067) AHBlocRAM.v(47:16): Syntax error, unexpected non-printable character with the hex value '0xe2'.
** Error: (qverilog-13067) AHBlocRAM.v(47:17): Syntax error, unexpected non-printable character with the hex value '0x80'.
** Error: (qverilog-13067) AHBlocRAM.v(47:18): Syntax error, unexpected non-printable character with the hex value '0x99'.
** Error: (qverilog-13067) AHBlocRAM.v(47:46): Syntax error, unexpected non-printable character with the hex value '0xe2'.
** Error: (qverilog-13067) AHBlocRAM.v(47:47): Syntax error, unexpected non-printable character with the hex value '0x80'.
** Error: (qverilog-13067) AHBlocRAM.v(47:48): Syntax error, unexpected non-printable character with the hex value '0x99'.
** Error: (qverilog-13067) AHBlocRAM.v(48:35): Syntax error, unexpected non-printable character with the hex value '0xe2'.
** Error: (qverilog-13067) AHBlocRAM.v(48:36): Syntax error, unexpected non-printable character with the hex value '0x80'.
** Error: (qverilog-13067) AHBlocRAM.v(48:37): Syntax error, unexpected non-printable character with the hex value '0x99'.
** Error: (qverilog-13067) AHBlocRAM.v(48:60): Syntax error, unexpected non-printable character with the hex value '0xe2'.
** Error: (qverilog-13067) AHBlocRAM.v(48:61): Syntax error, unexpected non-printable character with the hex value '0x80'.
** Error: (qverilog-13067) AHBlocRAM.v(48:62): Syntax error, unexpected non-printable character with the hex value '0x99'.
** Error: (qverilog-13067) AHBlocRAM.v(49:14): Syntax error, unexpected non-printable character with the hex value '0xe2'.
** Error: (qverilog-13067) AHBlocRAM.v(49:15): Syntax error, unexpected non-printable character with the hex value '0x80'.
** Error: (qverilog-13067) AHBlocRAM.v(49:16): Syntax error, unexpected non-printable character with the hex value '0x99'.
** Error: (qverilog-13067) AHBlocRAM.v(49:38): Syntax error, unexpected non-printable character with the hex value '0xe2'.
** Error: (qverilog-13067) AHBlocRAM.v(49:39): Syntax error, unexpected non-printable character with the hex value '0x80'.
** Error: (qverilog-13067) AHBlocRAM.v(49:40): Syntax error, unexpected non-printable character with the hex value '0x99'.
** Error: (qverilog-13067) AHBlocRAM.v(50:16): Syntax error, unexpected non-printable character with the hex value '0xe2'.
** Error: (qverilog-13067) AHBlocRAM.v(50:17): Syntax error, unexpected non-printable character with the hex value '0x80'.
** Error: (qverilog-13067) AHBlocRAM.v(50:18): Syntax error, unexpected non-printable character with the hex value '0x99'.
** Error: (qverilog-13067) AHBlocRAM.v(50:46): Syntax error, unexpected non-printable character with the hex value '0xe2'.
** Error: (qverilog-13067) AHBlocRAM.v(50:47): Syntax error, unexpected non-printable character with the hex value '0x80'.
** Error: (qverilog-13067) AHBlocRAM.v(50:48): Syntax error, unexpected non-printable character with the hex value '0x99'.
** Error: (qverilog-13067) AHBlocRAM.v(51:35): Syntax error, unexpected non-printable character with the hex value '0xe2'.
** Error: (qverilog-13067) AHBlocRAM.v(51:36): Syntax error, unexpected non-printable character with the hex value '0x80'.
** Error: (qverilog-13067) AHBlocRAM.v(51:37): Syntax error, unexpected non-printable character with the hex value '0x99'.
** Error: (qverilog-13067) AHBlocRAM.v(51:60): Syntax error, unexpected non-printable character with the hex value '0xe2'.
** Error: (qverilog-13067) AHBlocRAM.v(51:61): Syntax error, unexpected non-printable character with the hex value '0x80'.
** Error: (qverilog-13067) AHBlocRAM.v(51:62): Syntax error, unexpected non-printable character with the hex value '0x99'.
** Error: (qverilog-13067) AHBlocRAM.v(52:14): Syntax error, unexpected non-printable character with the hex value '0xe2'.
** Error: (qverilog-13067) AHBlocRAM.v(52:15): Syntax error, unexpected non-printable character with the hex value '0x80'.
** Error: (qverilog-13067) AHBlocRAM.v(52:16): Syntax error, unexpected non-printable character with the hex value '0x99'.
** Error: (qverilog-13067) AHBlocRAM.v(52:38): Syntax error, unexpected non-printable character with the hex value '0xe2'.
** Error: (qverilog-13067) AHBlocRAM.v(52:39): Syntax error, unexpected non-printable character with the hex value '0x80'.
** Error: (qverilog-13067) AHBlocRAM.v(52:40): Syntax error, unexpected non-printable character with the hex value '0x99'.
** Error: (qverilog-13067) AHBlocRAM.v(53:16): Syntax error, unexpected non-printable character with the hex value '0xe2'.
** Error: (qverilog-13067) AHBlocRAM.v(53:17): Syntax error, unexpected non-printable character with the hex value '0x80'.
** Error: (qverilog-13067) AHBlocRAM.v(53:18): Syntax error, unexpected non-printable character with the hex value '0x99'.
** Error: (qverilog-13067) AHBlocRAM.v(53:46): Syntax error, unexpected non-printable character with the hex value '0xe2'.
** Error: (qverilog-13067) AHBlocRAM.v(53:47): Syntax error, unexpected non-printable character with the hex value '0x80'.
** Error: (qverilog-13067) AHBlocRAM.v(53:48): Syntax error, unexpected non-printable character with the hex value '0x99'.
** Error: (qverilog-13067) AHBlocRAM.v(57:11): Syntax error, unexpected non-printable character with the hex value '0xe2'.
** Error: (qverilog-13067) AHBlocRAM.v(57:12): Syntax error, unexpected non-printable character with the hex value '0x80'.
** Error: (qverilog-13067) AHBlocRAM.v(57:13): Syntax error, unexpected non-printable character with the hex value '0x99'.
** Error: (qverilog-13067) AHBlocRAM.v(83:17): Syntax error, unexpected non-printable character with the hex value '0xe2'.
** Error: (qverilog-13067) AHBlocRAM.v(83:18): Syntax error, unexpected non-printable character with the hex value '0x80'.
** Error: (qverilog-13067) AHBlocRAM.v(83:19): Syntax error, unexpected non-printable character with the hex value '0x99'.
** Error: (qverilog-13067) AHBlocRAM.v(84:21): Syntax error, unexpected non-printable character with the hex value '0xe2'.
** Error: (qverilog-13067) AHBlocRAM.v(84:22): Syntax error, unexpected non-printable character with the hex value '0x80'.
** Error: (qverilog-13067) AHBlocRAM.v(84:23): Syntax error, unexpected non-printable character with the hex value '0x99'.
End time: 18:02:48 on May 21,2024, Elapsed time: 0:00:00
Errors: 82, Warnings: 0
